<?xml version='1.0' encoding='UTF-8'?>
<testsuite hostname="tea" name="gcd.GCDTester" tests="1" errors="0" failures="0" skipped="0" time="1.507">
                     <properties>
[...]
</properties>
                     <testcase classname="gcd.GCDTester" name="execute should be used as an alternative way to run specification" time="1.507">
                                                 
                                               </testcase>
                     <system-out></system-out>
                     <system-err></system-err>
                   </testsuite>